<?xml version="1.0" encoding="UTF-8"?><testrun name="TablaEnterosTest" project="ED" tests="5" started="5" failures="4" errors="1" ignored="0">
  <testsuite name="tablaEnteros.TablaEnterosTest" time="0.042" displayname="TablaEnterosTest" uniqueid="[engine:junit-jupiter]/[class:tablaEnteros.TablaEnterosTest]">
    <testcase name="testArrayvacio" classname="tablaEnteros.TablaEnterosTest" time="0.008" displayname="testArrayvacio()" uniqueid="[engine:junit-jupiter]/[class:tablaEnteros.TablaEnterosTest]/[method:testArrayvacio()]"/>
    <testsuite name="testArrayvacio(tablaEnteros.TablaEnterosTest)" incomplete="true" displayname="testArrayvacio()" uniqueid="[engine:junit-jupiter]/[class:tablaEnteros.TablaEnterosTest]/[test-template:testArrayvacio()]">
      <error>org.junit.platform.commons.PreconditionViolationException: @CsvSource must be declared with either `value` or `textBlock` but not both&#13;
	at java.base/java.util.stream.ReferencePipeline$7$1.accept(ReferencePipeline.java:273)&#13;
	at java.base/java.util.stream.ReferencePipeline$3$1.accept(ReferencePipeline.java:197)&#13;
	at java.base/java.util.stream.ReferencePipeline$3$1.accept(ReferencePipeline.java:197)&#13;
	at java.base/java.util.stream.ReferencePipeline$3$1.accept(ReferencePipeline.java:197)&#13;
	at java.base/java.util.ArrayList$ArrayListSpliterator.forEachRemaining(ArrayList.java:1625)&#13;
	at java.base/java.util.stream.AbstractPipeline.copyInto(AbstractPipeline.java:509)&#13;
	at java.base/java.util.stream.AbstractPipeline.wrapAndCopyInto(AbstractPipeline.java:499)&#13;
	at java.base/java.util.stream.ForEachOps$ForEachOp.evaluateSequential(ForEachOps.java:150)&#13;
	at java.base/java.util.stream.ForEachOps$ForEachOp$OfRef.evaluateSequential(ForEachOps.java:173)&#13;
	at java.base/java.util.stream.AbstractPipeline.evaluate(AbstractPipeline.java:234)&#13;
	at java.base/java.util.stream.ReferencePipeline.forEach(ReferencePipeline.java:596)&#13;
	at java.base/java.util.stream.ReferencePipeline$7$1.accept(ReferencePipeline.java:276)&#13;
	at java.base/java.util.ArrayList$ArrayListSpliterator.forEachRemaining(ArrayList.java:1625)&#13;
	at java.base/java.util.stream.AbstractPipeline.copyInto(AbstractPipeline.java:509)&#13;
	at java.base/java.util.stream.AbstractPipeline.wrapAndCopyInto(AbstractPipeline.java:499)&#13;
	at java.base/java.util.stream.ForEachOps$ForEachOp.evaluateSequential(ForEachOps.java:150)&#13;
	at java.base/java.util.stream.ForEachOps$ForEachOp$OfRef.evaluateSequential(ForEachOps.java:173)&#13;
	at java.base/java.util.stream.AbstractPipeline.evaluate(AbstractPipeline.java:234)&#13;
	at java.base/java.util.stream.ReferencePipeline.forEach(ReferencePipeline.java:596)&#13;
	at java.base/java.util.ArrayList.forEach(ArrayList.java:1511)&#13;
	at java.base/java.util.ArrayList.forEach(ArrayList.java:1511)&#13;
	Suppressed: org.junit.platform.commons.PreconditionViolationException: Configuration error: You must configure at least one set of arguments for this @ParameterizedTest&#13;
		at java.base/java.util.stream.AbstractPipeline.close(AbstractPipeline.java:323)&#13;
		at java.base/java.util.stream.ReferencePipeline$7$1.accept(ReferencePipeline.java:273)&#13;
		... 9 more&#13;
&#13;
</error>
    </testsuite>
    <testcase name="testTablaEnteros" classname="tablaEnteros.TablaEnterosTest" time="0.003" displayname="testTablaEnteros()" uniqueid="[engine:junit-jupiter]/[class:tablaEnteros.TablaEnterosTest]/[method:testTablaEnteros()]">
      <failure>org.opentest4j.AssertionFailedError: Not yet implemented&#13;
	at org.junit.jupiter.api.AssertionUtils.fail(AssertionUtils.java:38)&#13;
	at org.junit.jupiter.api.Assertions.fail(Assertions.java:134)&#13;
	at tablaEnteros.TablaEnterosTest.testTablaEnteros(TablaEnterosTest.java:31)&#13;
	at java.base/java.lang.reflect.Method.invoke(Method.java:568)&#13;
	at java.base/java.util.ArrayList.forEach(ArrayList.java:1511)&#13;
	at java.base/java.util.ArrayList.forEach(ArrayList.java:1511)&#13;
&#13;
</failure>
    </testcase>
    <testcase name="testMayorTabla" classname="tablaEnteros.TablaEnterosTest" time="0.001" displayname="testMayorTabla()" uniqueid="[engine:junit-jupiter]/[class:tablaEnteros.TablaEnterosTest]/[method:testMayorTabla()]">
      <failure>org.opentest4j.AssertionFailedError: Not yet implemented&#13;
	at org.junit.jupiter.api.AssertionUtils.fail(AssertionUtils.java:38)&#13;
	at org.junit.jupiter.api.Assertions.fail(Assertions.java:134)&#13;
	at tablaEnteros.TablaEnterosTest.testMayorTabla(TablaEnterosTest.java:41)&#13;
	at java.base/java.lang.reflect.Method.invoke(Method.java:568)&#13;
	at java.base/java.util.ArrayList.forEach(ArrayList.java:1511)&#13;
	at java.base/java.util.ArrayList.forEach(ArrayList.java:1511)&#13;
&#13;
</failure>
    </testcase>
    <testcase name="testPosicionTabla" classname="tablaEnteros.TablaEnterosTest" time="0.001" displayname="testPosicionTabla()" uniqueid="[engine:junit-jupiter]/[class:tablaEnteros.TablaEnterosTest]/[method:testPosicionTabla()]">
      <failure>org.opentest4j.AssertionFailedError: Not yet implemented&#13;
	at org.junit.jupiter.api.AssertionUtils.fail(AssertionUtils.java:38)&#13;
	at org.junit.jupiter.api.Assertions.fail(Assertions.java:134)&#13;
	at tablaEnteros.TablaEnterosTest.testPosicionTabla(TablaEnterosTest.java:46)&#13;
	at java.base/java.lang.reflect.Method.invoke(Method.java:568)&#13;
	at java.base/java.util.ArrayList.forEach(ArrayList.java:1511)&#13;
	at java.base/java.util.ArrayList.forEach(ArrayList.java:1511)&#13;
&#13;
</failure>
    </testcase>
    <testcase name="testSumaTabla" classname="tablaEnteros.TablaEnterosTest" time="0.005" displayname="testSumaTabla()" uniqueid="[engine:junit-jupiter]/[class:tablaEnteros.TablaEnterosTest]/[method:testSumaTabla()]">
      <failure>org.opentest4j.AssertionFailedError: Not yet implemented&#13;
	at org.junit.jupiter.api.AssertionUtils.fail(AssertionUtils.java:38)&#13;
	at org.junit.jupiter.api.Assertions.fail(Assertions.java:134)&#13;
	at tablaEnteros.TablaEnterosTest.testSumaTabla(TablaEnterosTest.java:36)&#13;
	at java.base/java.lang.reflect.Method.invoke(Method.java:568)&#13;
	at java.base/java.util.ArrayList.forEach(ArrayList.java:1511)&#13;
	at java.base/java.util.ArrayList.forEach(ArrayList.java:1511)&#13;
&#13;
</failure>
    </testcase>
  </testsuite>
</testrun>
